# JRE version: OpenJDK Runtime Environment (11.0.11+9) (build 11.0.11+9-b60-7590822)
# Java VM: OpenJDK 64-Bit Server VM (11.0.11+9-b60-7590822, mixed mode, tiered, compressed oops, g1 gc, windows-amd64)
Heap:
 garbage-first heap   total 317440K, used 198625K [0x0000000080000000, 0x0000000100000000)
  region size 1024K, 104 young (106496K), 4 survivors (4096K)
 Metaspace       used 124546K, capacity 128062K, committed 129244K, reserved 1161216K
  class space    used 15798K, capacity 17088K, committed 17592K, reserved 1048576K
GC Heap History (20 events):
Event: 3.450 GC heap before
{Heap before GC invocations=8 (full 0):
 garbage-first heap   total 393216K, used 95354K [0x0000000080000000, 0x0000000100000000)
  region size 1024K, 64 young (65536K), 18 survivors (18432K)
 Metaspace       used 58463K, capacity 60011K, committed 60068K, reserved 1101824K
  class space    used 7442K, capacity 7984K, committed 8012K, reserved 1048576K
}
Event: 3.461 GC heap after
{Heap after GC invocations=9 (full 0):
 garbage-first heap   total 393216K, used 52347K [0x0000000080000000, 0x0000000100000000)
  region size 1024K, 15 young (15360K), 15 survivors (15360K)
 Metaspace       used 58463K, capacity 60011K, committed 60068K, reserved 1101824K
  class space    used 7442K, capacity 7984K, committed 8012K, reserved 1048576K
}
Event: 4.515 GC heap before
{Heap before GC invocations=10 (full 0):
 garbage-first heap   total 393216K, used 237691K [0x0000000080000000, 0x0000000100000000)
  region size 1024K, 196 young (200704K), 15 survivors (15360K)
 Metaspace       used 72453K, capacity 74183K, committed 74352K, reserved 1114112K
  class space    used 9382K, capacity 10020K, committed 10060K, reserved 1048576K
}
Event: 4.537 GC heap after
{Heap after GC invocations=11 (full 0):
 garbage-first heap   total 393216K, used 64507K [0x0000000080000000, 0x0000000100000000)
  region size 1024K, 15 young (15360K), 15 survivors (15360K)
 Metaspace       used 72453K, capacity 74183K, committed 74352K, reserved 1114112K
  class space    used 9382K, capacity 10020K, committed 10060K, reserved 1048576K
}
Event: 5.643 GC heap before
{Heap before GC invocations=12 (full 0):
 garbage-first heap   total 393216K, used 267259K [0x0000000080000000, 0x0000000100000000)
  region size 1024K, 214 young (219136K), 15 survivors (15360K)
 Metaspace       used 84774K, capacity 86961K, committed 87280K, reserved 1124352K
  class space    used 11072K, capacity 11880K, committed 11980K, reserved 1048576K
}
Event: 5.655 GC heap after
{Heap after GC invocations=13 (full 0):
 garbage-first heap   total 393216K, used 77657K [0x0000000080000000, 0x0000000100000000)
  region size 1024K, 25 young (25600K), 25 survivors (25600K)
 Metaspace       used 84774K, capacity 86961K, committed 87280K, reserved 1124352K
  class space    used 11072K, capacity 11880K, committed 11980K, reserved 1048576K
}
Event: 10.048 GC heap before
{Heap before GC invocations=13 (full 0):
 garbage-first heap   total 393216K, used 277337K [0x0000000080000000, 0x0000000100000000)
  region size 1024K, 221 young (226304K), 25 survivors (25600K)
 Metaspace       used 94050K, capacity 96605K, committed 96752K, reserved 1132544K
  class space    used 12291K, capacity 13240K, committed 13260K, reserved 1048576K
}
Event: 10.061 GC heap after
{Heap after GC invocations=14 (full 0):
 garbage-first heap   total 393216K, used 90006K [0x0000000080000000, 0x0000000100000000)
  region size 1024K, 25 young (25600K), 25 survivors (25600K)
 Metaspace       used 94050K, capacity 96605K, committed 96752K, reserved 1132544K
  class space    used 12291K, capacity 13240K, committed 13260K, reserved 1048576K
}
Event: 11.576 GC heap before
{Heap before GC invocations=14 (full 0):
 garbage-first heap   total 393216K, used 294806K [0x0000000080000000, 0x0000000100000000)
  region size 1024K, 220 young (225280K), 25 survivors (25600K)
 Metaspace       used 106120K, capacity 108919K, committed 109040K, reserved 1144832K
  class space    used 13644K, capacity 14740K, committed 14796K, reserved 1048576K
}
Event: 11.593 GC heap after
{Heap after GC invocations=15 (full 0):
 garbage-first heap   total 393216K, used 104689K [0x0000000080000000, 0x0000000100000000)
  region size 1024K, 23 young (23552K), 23 survivors (23552K)
 Metaspace       used 106120K, capacity 108919K, committed 109040K, reserved 1144832K
  class space    used 13644K, capacity 14740K, committed 14796K, reserved 1048576K
}
Event: 12.444 GC heap before
{Heap before GC invocations=15 (full 0):
 garbage-first heap   total 393216K, used 297201K [0x0000000080000000, 0x0000000100000000)
  region size 1024K, 212 young (217088K), 23 survivors (23552K)
 Metaspace       used 118623K, capacity 122299K, committed 122480K, reserved 1155072K
  class space    used 15518K, capacity 16956K, committed 16972K, reserved 1048576K
}
Event: 12.454 GC heap after
{Heap after GC invocations=16 (full 0):
 garbage-first heap   total 393216K, used 104794K [0x0000000080000000, 0x0000000100000000)
  region size 1024K, 16 young (16384K), 16 survivors (16384K)
 Metaspace       used 118623K, capacity 122299K, committed 122480K, reserved 1155072K
  class space    used 15518K, capacity 16956K, committed 16972K, reserved 1048576K
}
Event: 12.788 GC heap before
{Heap before GC invocations=16 (full 0):
 garbage-first heap   total 393216K, used 162138K [0x0000000080000000, 0x0000000100000000)
  region size 1024K, 73 young (74752K), 16 survivors (16384K)
 Metaspace       used 120794K, capacity 124451K, committed 124528K, reserved 1157120K
  class space    used 15753K, capacity 17206K, committed 17228K, reserved 1048576K
}
Event: 12.796 GC heap after
{Heap after GC invocations=17 (full 0):
 garbage-first heap   total 393216K, used 106285K [0x0000000080000000, 0x0000000100000000)
  region size 1024K, 7 young (7168K), 7 survivors (7168K)
 Metaspace       used 120794K, capacity 124451K, committed 124528K, reserved 1157120K
  class space    used 15753K, capacity 17206K, committed 17228K, reserved 1048576K
}
Event: 3612.810 GC heap before
{Heap before GC invocations=18 (full 0):
 garbage-first heap   total 393216K, used 342829K [0x0000000080000000, 0x0000000100000000)
  region size 1024K, 173 young (177152K), 7 survivors (7168K)
 Metaspace       used 123618K, capacity 127373K, committed 127708K, reserved 1159168K
  class space    used 16001K, capacity 17471K, committed 17592K, reserved 1048576K
}
Event: 3612.893 GC heap after
{Heap after GC invocations=19 (full 1):
 garbage-first heap   total 317440K, used 91145K [0x0000000080000000, 0x0000000100000000)
  region size 1024K, 0 young (0K), 0 survivors (0K)
 Metaspace       used 123249K, capacity 126790K, committed 127708K, reserved 1159168K
  class space    used 15874K, capacity 17243K, committed 17592K, reserved 1048576K
}
Event: 8312.599 GC heap before
{Heap before GC invocations=19 (full 1):
 garbage-first heap   total 317440K, used 248841K [0x0000000080000000, 0x0000000100000000)
  region size 1024K, 156 young (159744K), 0 survivors (0K)
 Metaspace       used 123903K, capacity 127556K, committed 128220K, reserved 1161216K
  class space    used 15908K, capacity 17306K, committed 17592K, reserved 1048576K
}
Event: 8312.701 GC heap after
{Heap after GC invocations=20 (full 2):
 garbage-first heap   total 317440K, used 90676K [0x0000000080000000, 0x0000000100000000)
  region size 1024K, 0 young (0K), 0 survivors (0K)
 Metaspace       used 123292K, capacity 126602K, committed 128220K, reserved 1161216K
  class space    used 15767K, capacity 17035K, committed 17592K, reserved 1048576K
}
Event: 8316.620 GC heap before
{Heap before GC invocations=20 (full 2):
 garbage-first heap   total 317440K, used 255540K [0x0000000080000000, 0x0000000100000000)
  region size 1024K, 156 young (159744K), 0 survivors (0K)
 Metaspace       used 124088K, capacity 127536K, committed 128732K, reserved 1161216K
  class space    used 15794K, capacity 17082K, committed 17592K, reserved 1048576K
}
Event: 8316.623 GC heap after
{Heap after GC invocations=21 (full 2):
 garbage-first heap   total 317440K, used 98273K [0x0000000080000000, 0x0000000100000000)
  region size 1024K, 4 young (4096K), 4 survivors (4096K)
 Metaspace       used 124088K, capacity 127536K, committed 128732K, reserved 1161216K
  class space    used 15794K, capacity 17082K, committed 17592K, reserved 1048576K
}

