# JRE version: OpenJDK Runtime Environment (11.0.10) (build 11.0.10+0-b96-7249189)
# Java VM: OpenJDK 64-Bit Server VM (11.0.10+0-b96-7249189, mixed mode, tiered, compressed oops, g1 gc, windows-amd64)
Heap:
 garbage-first heap   total 393216K, used 136529K [0x0000000080000000, 0x0000000100000000)
  region size 1024K, 63 young (64512K), 17 survivors (17408K)
 Metaspace       used 78609K, capacity 80813K, committed 80856K, reserved 1120256K
  class space    used 10229K, capacity 10992K, committed 11008K, reserved 1048576K
GC Heap History (16 events):
Event: 0.378 GC heap before
{Heap before GC invocations=0 (full 0):
 garbage-first heap   total 393216K, used 29696K [0x0000000080000000, 0x0000000100000000)
  region size 1024K, 24 young (24576K), 0 survivors (0K)
 Metaspace       used 10167K, capacity 10421K, committed 10624K, reserved 1058816K
  class space    used 1064K, capacity 1139K, committed 1152K, reserved 1048576K
}
Event: 0.380 GC heap after
{Heap after GC invocations=1 (full 0):
 garbage-first heap   total 393216K, used 9543K [0x0000000080000000, 0x0000000100000000)
  region size 1024K, 3 young (3072K), 3 survivors (3072K)
 Metaspace       used 10167K, capacity 10421K, committed 10624K, reserved 1058816K
  class space    used 1064K, capacity 1139K, committed 1152K, reserved 1048576K
}
Event: 1.125 GC heap before
{Heap before GC invocations=1 (full 0):
 garbage-first heap   total 393216K, used 104775K [0x0000000080000000, 0x0000000100000000)
  region size 1024K, 97 young (99328K), 3 survivors (3072K)
 Metaspace       used 20515K, capacity 21119K, committed 21248K, reserved 1067008K
  class space    used 2509K, capacity 2733K, committed 2816K, reserved 1048576K
}
Event: 1.131 GC heap after
{Heap after GC invocations=2 (full 0):
 garbage-first heap   total 393216K, used 16669K [0x0000000080000000, 0x0000000100000000)
  region size 1024K, 10 young (10240K), 10 survivors (10240K)
 Metaspace       used 20515K, capacity 21119K, committed 21248K, reserved 1067008K
  class space    used 2509K, capacity 2733K, committed 2816K, reserved 1048576K
}
Event: 1.492 GC heap before
{Heap before GC invocations=3 (full 0):
 garbage-first heap   total 393216K, used 88349K [0x0000000080000000, 0x0000000100000000)
  region size 1024K, 71 young (72704K), 10 survivors (10240K)
 Metaspace       used 26527K, capacity 27395K, committed 27648K, reserved 1073152K
  class space    used 3495K, capacity 3806K, committed 3840K, reserved 1048576K
}
Event: 1.497 GC heap after
{Heap after GC invocations=4 (full 0):
 garbage-first heap   total 393216K, used 33001K [0x0000000080000000, 0x0000000100000000)
  region size 1024K, 6 young (6144K), 6 survivors (6144K)
 Metaspace       used 26527K, capacity 27395K, committed 27648K, reserved 1073152K
  class space    used 3495K, capacity 3806K, committed 3840K, reserved 1048576K
}
Event: 1.900 GC heap before
{Heap before GC invocations=4 (full 0):
 garbage-first heap   total 393216K, used 89321K [0x0000000080000000, 0x0000000100000000)
  region size 1024K, 63 young (64512K), 6 survivors (6144K)
 Metaspace       used 34863K, capacity 35713K, committed 35840K, reserved 1081344K
  class space    used 4566K, capacity 4898K, committed 4992K, reserved 1048576K
}
Event: 1.906 GC heap after
{Heap after GC invocations=5 (full 0):
 garbage-first heap   total 393216K, used 36020K [0x0000000080000000, 0x0000000100000000)
  region size 1024K, 9 young (9216K), 9 survivors (9216K)
 Metaspace       used 34863K, capacity 35713K, committed 35840K, reserved 1081344K
  class space    used 4566K, capacity 4898K, committed 4992K, reserved 1048576K
}
Event: 2.489 GC heap before
{Heap before GC invocations=6 (full 0):
 garbage-first heap   total 393216K, used 147636K [0x0000000080000000, 0x0000000100000000)
  region size 1024K, 108 young (110592K), 9 survivors (9216K)
 Metaspace       used 43284K, capacity 44471K, committed 44672K, reserved 1087488K
  class space    used 5558K, capacity 5975K, committed 6016K, reserved 1048576K
}
Event: 2.501 GC heap after
{Heap after GC invocations=7 (full 0):
 garbage-first heap   total 393216K, used 53503K [0x0000000080000000, 0x0000000100000000)
  region size 1024K, 13 young (13312K), 13 survivors (13312K)
 Metaspace       used 43284K, capacity 44471K, committed 44672K, reserved 1087488K
  class space    used 5558K, capacity 5975K, committed 6016K, reserved 1048576K
}
Event: 3.138 GC heap before
{Heap before GC invocations=8 (full 0):
 garbage-first heap   total 393216K, used 184575K [0x0000000080000000, 0x0000000100000000)
  region size 1024K, 132 young (135168K), 13 survivors (13312K)
 Metaspace       used 49676K, capacity 51236K, committed 51456K, reserved 1093632K
  class space    used 6368K, capacity 6898K, committed 6912K, reserved 1048576K
}
Event: 3.146 GC heap after
{Heap after GC invocations=9 (full 0):
 garbage-first heap   total 393216K, used 74697K [0x0000000080000000, 0x0000000100000000)
  region size 1024K, 15 young (15360K), 15 survivors (15360K)
 Metaspace       used 49676K, capacity 51236K, committed 51456K, reserved 1093632K
  class space    used 6368K, capacity 6898K, committed 6912K, reserved 1048576K
}
Event: 4.443 GC heap before
{Heap before GC invocations=9 (full 0):
 garbage-first heap   total 393216K, used 279497K [0x0000000080000000, 0x0000000100000000)
  region size 1024K, 215 young (220160K), 15 survivors (15360K)
 Metaspace       used 69915K, capacity 71929K, committed 72192K, reserved 1112064K
  class space    used 8977K, capacity 9662K, committed 9728K, reserved 1048576K
}
Event: 4.453 GC heap after
{Heap after GC invocations=10 (full 0):
 garbage-first heap   total 393216K, used 84968K [0x0000000080000000, 0x0000000100000000)
  region size 1024K, 25 young (25600K), 25 survivors (25600K)
 Metaspace       used 69915K, capacity 71929K, committed 72192K, reserved 1112064K
  class space    used 8977K, capacity 9662K, committed 9728K, reserved 1048576K
}
Event: 4.792 GC heap before
{Heap before GC invocations=10 (full 0):
 garbage-first heap   total 393216K, used 156648K [0x0000000080000000, 0x0000000100000000)
  region size 1024K, 96 young (98304K), 25 survivors (25600K)
 Metaspace       used 73585K, capacity 75596K, committed 75736K, reserved 1114112K
  class space    used 9412K, capacity 10178K, committed 10240K, reserved 1048576K
}
Event: 4.813 GC heap after
{Heap after GC invocations=11 (full 0):
 garbage-first heap   total 393216K, used 90449K [0x0000000080000000, 0x0000000100000000)
  region size 1024K, 17 young (17408K), 17 survivors (17408K)
 Metaspace       used 73585K, capacity 75596K, committed 75736K, reserved 1114112K
  class space    used 9412K, capacity 10178K, committed 10240K, reserved 1048576K
}

