# JRE version: OpenJDK Runtime Environment (11.0.10) (build 11.0.10+0-b96-7249189)
# Java VM: OpenJDK 64-Bit Server VM (11.0.10+0-b96-7249189, mixed mode, tiered, compressed oops, g1 gc, windows-amd64)
Heap:
 garbage-first heap   total 393216K, used 246186K [0x0000000080000000, 0x0000000100000000)
  region size 1024K, 181 young (185344K), 19 survivors (19456K)
 Metaspace       used 75195K, capacity 77242K, committed 77440K, reserved 1116160K
  class space    used 9603K, capacity 10362K, committed 10368K, reserved 1048576K
GC Heap History (20 events):
Event: 3.739 GC heap before
{Heap before GC invocations=11 (full 0):
 garbage-first heap   total 393216K, used 292185K [0x0000000080000000, 0x0000000100000000)
  region size 1024K, 229 young (234496K), 8 survivors (8192K)
 Metaspace       used 49812K, capacity 51258K, committed 51456K, reserved 1093632K
  class space    used 6345K, capacity 6865K, committed 6912K, reserved 1048576K
}
Event: 3.743 GC heap after
{Heap after GC invocations=12 (full 0):
 garbage-first heap   total 393216K, used 66560K [0x0000000080000000, 0x0000000100000000)
  region size 1024K, 8 young (8192K), 8 survivors (8192K)
 Metaspace       used 49812K, capacity 51258K, committed 51456K, reserved 1093632K
  class space    used 6345K, capacity 6865K, committed 6912K, reserved 1048576K
}
Event: 4.117 GC heap before
{Heap before GC invocations=12 (full 0):
 garbage-first heap   total 393216K, used 293888K [0x0000000080000000, 0x0000000100000000)
  region size 1024K, 230 young (235520K), 8 survivors (8192K)
 Metaspace       used 49830K, capacity 51260K, committed 51456K, reserved 1093632K
  class space    used 6345K, capacity 6865K, committed 6912K, reserved 1048576K
}
Event: 4.121 GC heap after
{Heap after GC invocations=13 (full 0):
 garbage-first heap   total 393216K, used 65536K [0x0000000080000000, 0x0000000100000000)
  region size 1024K, 8 young (8192K), 8 survivors (8192K)
 Metaspace       used 49830K, capacity 51260K, committed 51456K, reserved 1093632K
  class space    used 6345K, capacity 6865K, committed 6912K, reserved 1048576K
}
Event: 4.521 GC heap before
{Heap before GC invocations=13 (full 0):
 garbage-first heap   total 393216K, used 292864K [0x0000000080000000, 0x0000000100000000)
  region size 1024K, 230 young (235520K), 8 survivors (8192K)
 Metaspace       used 49830K, capacity 51260K, committed 51456K, reserved 1093632K
  class space    used 6345K, capacity 6865K, committed 6912K, reserved 1048576K
}
Event: 4.525 GC heap after
{Heap after GC invocations=14 (full 0):
 garbage-first heap   total 393216K, used 65895K [0x0000000080000000, 0x0000000100000000)
  region size 1024K, 9 young (9216K), 9 survivors (9216K)
 Metaspace       used 49830K, capacity 51260K, committed 51456K, reserved 1093632K
  class space    used 6345K, capacity 6865K, committed 6912K, reserved 1048576K
}
Event: 4.899 GC heap before
{Heap before GC invocations=14 (full 0):
 garbage-first heap   total 393216K, used 292199K [0x0000000080000000, 0x0000000100000000)
  region size 1024K, 230 young (235520K), 9 survivors (9216K)
 Metaspace       used 49833K, capacity 51324K, committed 51456K, reserved 1093632K
  class space    used 6345K, capacity 6865K, committed 6912K, reserved 1048576K
}
Event: 4.903 GC heap after
{Heap after GC invocations=15 (full 0):
 garbage-first heap   total 393216K, used 67773K [0x0000000080000000, 0x0000000100000000)
  region size 1024K, 11 young (11264K), 11 survivors (11264K)
 Metaspace       used 49833K, capacity 51324K, committed 51456K, reserved 1093632K
  class space    used 6345K, capacity 6865K, committed 6912K, reserved 1048576K
}
Event: 5.231 GC heap before
{Heap before GC invocations=15 (full 0):
 garbage-first heap   total 393216K, used 292029K [0x0000000080000000, 0x0000000100000000)
  region size 1024K, 230 young (235520K), 11 survivors (11264K)
 Metaspace       used 49834K, capacity 51324K, committed 51456K, reserved 1093632K
  class space    used 6345K, capacity 6865K, committed 6912K, reserved 1048576K
}
Event: 5.237 GC heap after
{Heap after GC invocations=16 (full 0):
 garbage-first heap   total 393216K, used 68818K [0x0000000080000000, 0x0000000100000000)
  region size 1024K, 12 young (12288K), 12 survivors (12288K)
 Metaspace       used 49834K, capacity 51324K, committed 51456K, reserved 1093632K
  class space    used 6345K, capacity 6865K, committed 6912K, reserved 1048576K
}
Event: 5.579 GC heap before
{Heap before GC invocations=16 (full 0):
 garbage-first heap   total 393216K, used 292050K [0x0000000080000000, 0x0000000100000000)
  region size 1024K, 230 young (235520K), 12 survivors (12288K)
 Metaspace       used 49835K, capacity 51324K, committed 51456K, reserved 1093632K
  class space    used 6345K, capacity 6865K, committed 6912K, reserved 1048576K
}
Event: 5.584 GC heap after
{Heap after GC invocations=17 (full 0):
 garbage-first heap   total 393216K, used 70656K [0x0000000080000000, 0x0000000100000000)
  region size 1024K, 13 young (13312K), 13 survivors (13312K)
 Metaspace       used 49835K, capacity 51324K, committed 51456K, reserved 1093632K
  class space    used 6345K, capacity 6865K, committed 6912K, reserved 1048576K
}
Event: 6.028 GC heap before
{Heap before GC invocations=17 (full 0):
 garbage-first heap   total 393216K, used 292864K [0x0000000080000000, 0x0000000100000000)
  region size 1024K, 230 young (235520K), 13 survivors (13312K)
 Metaspace       used 49835K, capacity 51324K, committed 51456K, reserved 1093632K
  class space    used 6345K, capacity 6865K, committed 6912K, reserved 1048576K
}
Event: 6.035 GC heap after
{Heap after GC invocations=18 (full 0):
 garbage-first heap   total 393216K, used 71680K [0x0000000080000000, 0x0000000100000000)
  region size 1024K, 14 young (14336K), 14 survivors (14336K)
 Metaspace       used 49835K, capacity 51324K, committed 51456K, reserved 1093632K
  class space    used 6345K, capacity 6865K, committed 6912K, reserved 1048576K
}
Event: 6.807 GC heap before
{Heap before GC invocations=18 (full 0):
 garbage-first heap   total 393216K, used 296960K [0x0000000080000000, 0x0000000100000000)
  region size 1024K, 230 young (235520K), 14 survivors (14336K)
 Metaspace       used 49984K, capacity 51515K, committed 51712K, reserved 1093632K
  class space    used 6353K, capacity 6905K, committed 6912K, reserved 1048576K
}
Event: 6.810 GC heap after
{Heap after GC invocations=19 (full 0):
 garbage-first heap   total 393216K, used 64809K [0x0000000080000000, 0x0000000100000000)
  region size 1024K, 8 young (8192K), 8 survivors (8192K)
 Metaspace       used 49984K, capacity 51515K, committed 51712K, reserved 1093632K
  class space    used 6353K, capacity 6905K, committed 6912K, reserved 1048576K
}
Event: 7.136 GC heap before
{Heap before GC invocations=19 (full 0):
 garbage-first heap   total 393216K, used 292137K [0x0000000080000000, 0x0000000100000000)
  region size 1024K, 230 young (235520K), 8 survivors (8192K)
 Metaspace       used 49984K, capacity 51515K, committed 51712K, reserved 1093632K
  class space    used 6353K, capacity 6905K, committed 6912K, reserved 1048576K
}
Event: 7.140 GC heap after
{Heap after GC invocations=20 (full 0):
 garbage-first heap   total 393216K, used 67483K [0x0000000080000000, 0x0000000100000000)
  region size 1024K, 10 young (10240K), 10 survivors (10240K)
 Metaspace       used 49984K, capacity 51515K, committed 51712K, reserved 1093632K
  class space    used 6353K, capacity 6905K, committed 6912K, reserved 1048576K
}
Event: 8.223 GC heap before
{Heap before GC invocations=20 (full 0):
 garbage-first heap   total 393216K, used 299931K [0x0000000080000000, 0x0000000100000000)
  region size 1024K, 230 young (235520K), 10 survivors (10240K)
 Metaspace       used 66305K, capacity 68203K, committed 68352K, reserved 1107968K
  class space    used 8484K, capacity 9137K, committed 9216K, reserved 1048576K
}
Event: 8.230 GC heap after
{Heap after GC invocations=21 (full 0):
 garbage-first heap   total 393216K, used 81322K [0x0000000080000000, 0x0000000100000000)
  region size 1024K, 19 young (19456K), 19 survivors (19456K)
 Metaspace       used 66305K, capacity 68203K, committed 68352K, reserved 1107968K
  class space    used 8484K, capacity 9137K, committed 9216K, reserved 1048576K
}

