# JRE version: OpenJDK Runtime Environment (11.0.10) (build 11.0.10+0-b96-7249189)
# Java VM: OpenJDK 64-Bit Server VM (11.0.10+0-b96-7249189, mixed mode, tiered, compressed oops, g1 gc, windows-amd64)
Heap:
 garbage-first heap   total 604160K, used 228853K [0x0000000080000000, 0x0000000100000000)
  region size 1024K, 17 young (17408K), 17 survivors (17408K)
 Metaspace       used 105916K, capacity 108632K, committed 108972K, reserved 1144832K
  class space    used 13470K, capacity 14528K, committed 14668K, reserved 1048576K
GC Heap History (20 events):
Event: 12.396 GC heap after
{Heap after GC invocations=31 (full 0):
 garbage-first heap   total 461824K, used 181247K [0x0000000080000000, 0x0000000100000000)
  region size 1024K, 19 young (19456K), 19 survivors (19456K)
 Metaspace       used 105811K, capacity 108564K, committed 108716K, reserved 1142784K
  class space    used 13468K, capacity 14527K, committed 14668K, reserved 1048576K
}
Event: 12.520 GC heap before
{Heap before GC invocations=31 (full 0):
 garbage-first heap   total 461824K, used 359423K [0x0000000080000000, 0x0000000100000000)
  region size 1024K, 195 young (199680K), 19 survivors (19456K)
 Metaspace       used 105832K, capacity 108565K, committed 108716K, reserved 1142784K
  class space    used 13468K, capacity 14527K, committed 14668K, reserved 1048576K
}
Event: 12.530 GC heap after
{Heap after GC invocations=32 (full 0):
 garbage-first heap   total 461824K, used 195910K [0x0000000080000000, 0x0000000100000000)
  region size 1024K, 24 young (24576K), 24 survivors (24576K)
 Metaspace       used 105832K, capacity 108565K, committed 108716K, reserved 1142784K
  class space    used 13468K, capacity 14527K, committed 14668K, reserved 1048576K
}
Event: 12.653 GC heap before
{Heap before GC invocations=32 (full 0):
 garbage-first heap   total 461824K, used 366918K [0x0000000080000000, 0x0000000100000000)
  region size 1024K, 193 young (197632K), 24 survivors (24576K)
 Metaspace       used 105842K, capacity 108568K, committed 108716K, reserved 1142784K
  class space    used 13469K, capacity 14528K, committed 14668K, reserved 1048576K
}
Event: 12.661 GC heap after
{Heap after GC invocations=33 (full 0):
 garbage-first heap   total 461824K, used 207743K [0x0000000080000000, 0x0000000100000000)
  region size 1024K, 18 young (18432K), 18 survivors (18432K)
 Metaspace       used 105842K, capacity 108568K, committed 108716K, reserved 1142784K
  class space    used 13469K, capacity 14528K, committed 14668K, reserved 1048576K
}
Event: 12.794 GC heap before
{Heap before GC invocations=33 (full 0):
 garbage-first heap   total 461824K, used 367487K [0x0000000080000000, 0x0000000100000000)
  region size 1024K, 175 young (179200K), 18 survivors (18432K)
 Metaspace       used 105851K, capacity 108569K, committed 108716K, reserved 1142784K
  class space    used 13469K, capacity 14528K, committed 14668K, reserved 1048576K
}
Event: 12.800 GC heap after
{Heap after GC invocations=34 (full 0):
 garbage-first heap   total 461824K, used 215405K [0x0000000080000000, 0x0000000100000000)
  region size 1024K, 16 young (16384K), 16 survivors (16384K)
 Metaspace       used 105851K, capacity 108569K, committed 108716K, reserved 1142784K
  class space    used 13469K, capacity 14528K, committed 14668K, reserved 1048576K
}
Event: 12.904 GC heap before
{Heap before GC invocations=34 (full 0):
 garbage-first heap   total 461824K, used 372077K [0x0000000080000000, 0x0000000100000000)
  region size 1024K, 169 young (173056K), 16 survivors (16384K)
 Metaspace       used 105876K, capacity 108569K, committed 108716K, reserved 1142784K
  class space    used 13470K, capacity 14528K, committed 14668K, reserved 1048576K
}
Event: 12.910 GC heap after
{Heap after GC invocations=35 (full 0):
 garbage-first heap   total 461824K, used 223263K [0x0000000080000000, 0x0000000100000000)
  region size 1024K, 15 young (15360K), 15 survivors (15360K)
 Metaspace       used 105876K, capacity 108569K, committed 108716K, reserved 1142784K
  class space    used 13470K, capacity 14528K, committed 14668K, reserved 1048576K
}
Event: 13.015 GC heap before
{Heap before GC invocations=35 (full 0):
 garbage-first heap   total 461824K, used 383007K [0x0000000080000000, 0x0000000100000000)
  region size 1024K, 172 young (176128K), 15 survivors (15360K)
 Metaspace       used 105898K, capacity 108645K, committed 108972K, reserved 1144832K
  class space    used 13473K, capacity 14532K, committed 14668K, reserved 1048576K
}
Event: 13.022 GC heap after
{Heap after GC invocations=36 (full 0):
 garbage-first heap   total 461824K, used 227438K [0x0000000080000000, 0x0000000100000000)
  region size 1024K, 10 young (10240K), 10 survivors (10240K)
 Metaspace       used 105898K, capacity 108645K, committed 108972K, reserved 1144832K
  class space    used 13473K, capacity 14532K, committed 14668K, reserved 1048576K
}
Event: 13.216 GC heap before
{Heap before GC invocations=37 (full 0):
 garbage-first heap   total 461824K, used 377966K [0x0000000080000000, 0x0000000100000000)
  region size 1024K, 158 young (161792K), 10 survivors (10240K)
 Metaspace       used 105897K, capacity 108631K, committed 108972K, reserved 1144832K
  class space    used 13470K, capacity 14528K, committed 14668K, reserved 1048576K
}
Event: 13.222 GC heap after
{Heap after GC invocations=38 (full 0):
 garbage-first heap   total 461824K, used 234158K [0x0000000080000000, 0x0000000100000000)
  region size 1024K, 16 young (16384K), 16 survivors (16384K)
 Metaspace       used 105897K, capacity 108631K, committed 108972K, reserved 1144832K
  class space    used 13470K, capacity 14528K, committed 14668K, reserved 1048576K
}
Event: 13.237 GC heap before
{Heap before GC invocations=38 (full 0):
 garbage-first heap   total 461824K, used 242350K [0x0000000080000000, 0x0000000100000000)
  region size 1024K, 24 young (24576K), 16 survivors (16384K)
 Metaspace       used 105898K, capacity 108631K, committed 108972K, reserved 1144832K
  class space    used 13470K, capacity 14528K, committed 14668K, reserved 1048576K
}
Event: 13.249 GC heap after
{Heap after GC invocations=39 (full 0):
 garbage-first heap   total 461824K, used 204850K [0x0000000080000000, 0x0000000100000000)
  region size 1024K, 2 young (2048K), 2 survivors (2048K)
 Metaspace       used 105898K, capacity 108631K, committed 108972K, reserved 1144832K
  class space    used 13470K, capacity 14528K, committed 14668K, reserved 1048576K
}
Event: 13.361 GC heap before
{Heap before GC invocations=39 (full 0):
 garbage-first heap   total 461824K, used 370738K [0x0000000080000000, 0x0000000100000000)
  region size 1024K, 165 young (168960K), 2 survivors (2048K)
 Metaspace       used 105901K, capacity 108632K, committed 108972K, reserved 1144832K
  class space    used 13470K, capacity 14528K, committed 14668K, reserved 1048576K
}
Event: 13.369 GC heap after
{Heap after GC invocations=40 (full 0):
 garbage-first heap   total 461824K, used 214005K [0x0000000080000000, 0x0000000100000000)
  region size 1024K, 11 young (11264K), 11 survivors (11264K)
 Metaspace       used 105901K, capacity 108632K, committed 108972K, reserved 1144832K
  class space    used 13470K, capacity 14528K, committed 14668K, reserved 1048576K
}
Event: 13.462 GC heap before
{Heap before GC invocations=40 (full 0):
 garbage-first heap   total 461824K, used 376821K [0x0000000080000000, 0x0000000100000000)
  region size 1024K, 170 young (174080K), 11 survivors (11264K)
 Metaspace       used 105908K, capacity 108632K, committed 108972K, reserved 1144832K
  class space    used 13470K, capacity 14528K, committed 14668K, reserved 1048576K
}
Event: 13.471 GC heap after
{Heap after GC invocations=41 (full 0):
 garbage-first heap   total 461824K, used 223138K [0x0000000080000000, 0x0000000100000000)
  region size 1024K, 20 young (20480K), 20 survivors (20480K)
 Metaspace       used 105908K, capacity 108632K, committed 108972K, reserved 1144832K
  class space    used 13470K, capacity 14528K, committed 14668K, reserved 1048576K
}
Event: 13.563 GC heap before
{Heap before GC invocations=41 (full 0):
 garbage-first heap   total 461824K, used 379810K [0x0000000080000000, 0x0000000100000000)
  region size 1024K, 173 young (177152K), 20 survivors (20480K)
 Metaspace       used 105916K, capacity 108632K, committed 108972K, reserved 1144832K
  class space    used 13470K, capacity 14528K, committed 14668K, reserved 1048576K
}

