# JRE version: OpenJDK Runtime Environment (11.0.10) (build 11.0.10+0-b96-7249189)
# Java VM: OpenJDK 64-Bit Server VM (11.0.10+0-b96-7249189, mixed mode, tiered, compressed oops, g1 gc, windows-amd64)
Heap:
 garbage-first heap   total 393216K, used 119577K [0x0000000080000000, 0x0000000100000000)
  region size 1024K, 68 young (69632K), 29 survivors (29696K)
 Metaspace       used 79355K, capacity 81501K, committed 81664K, reserved 1120256K
  class space    used 10433K, capacity 11261K, committed 11340K, reserved 1048576K
GC Heap History (14 events):
Event: 0.391 GC heap before
{Heap before GC invocations=0 (full 0):
 garbage-first heap   total 393216K, used 29696K [0x0000000080000000, 0x0000000100000000)
  region size 1024K, 24 young (24576K), 0 survivors (0K)
 Metaspace       used 10177K, capacity 10425K, committed 10624K, reserved 1058816K
  class space    used 1064K, capacity 1139K, committed 1152K, reserved 1048576K
}
Event: 0.408 GC heap after
{Heap after GC invocations=1 (full 0):
 garbage-first heap   total 393216K, used 9258K [0x0000000080000000, 0x0000000100000000)
  region size 1024K, 3 young (3072K), 3 survivors (3072K)
 Metaspace       used 10177K, capacity 10425K, committed 10624K, reserved 1058816K
  class space    used 1064K, capacity 1139K, committed 1152K, reserved 1048576K
}
Event: 1.147 GC heap before
{Heap before GC invocations=1 (full 0):
 garbage-first heap   total 393216K, used 105514K [0x0000000080000000, 0x0000000100000000)
  region size 1024K, 98 young (100352K), 3 survivors (3072K)
 Metaspace       used 20590K, capacity 21124K, committed 21248K, reserved 1067008K
  class space    used 2518K, capacity 2722K, committed 2816K, reserved 1048576K
}
Event: 1.152 GC heap after
{Heap after GC invocations=2 (full 0):
 garbage-first heap   total 393216K, used 16730K [0x0000000080000000, 0x0000000100000000)
  region size 1024K, 11 young (11264K), 11 survivors (11264K)
 Metaspace       used 20590K, capacity 21124K, committed 21248K, reserved 1067008K
  class space    used 2518K, capacity 2722K, committed 2816K, reserved 1048576K
}
Event: 1.317 GC heap before
{Heap before GC invocations=3 (full 0):
 garbage-first heap   total 393216K, used 50522K [0x0000000080000000, 0x0000000100000000)
  region size 1024K, 44 young (45056K), 11 survivors (11264K)
 Metaspace       used 23775K, capacity 24442K, committed 24576K, reserved 1071104K
  class space    used 3043K, capacity 3257K, committed 3328K, reserved 1048576K
}
Event: 1.321 GC heap after
{Heap after GC invocations=4 (full 0):
 garbage-first heap   total 393216K, used 17798K [0x0000000080000000, 0x0000000100000000)
  region size 1024K, 2 young (2048K), 2 survivors (2048K)
 Metaspace       used 23775K, capacity 24442K, committed 24576K, reserved 1071104K
  class space    used 3043K, capacity 3257K, committed 3328K, reserved 1048576K
}
Event: 1.851 GC heap before
{Heap before GC invocations=4 (full 0):
 garbage-first heap   total 393216K, used 95622K [0x0000000080000000, 0x0000000100000000)
  region size 1024K, 80 young (81920K), 2 survivors (2048K)
 Metaspace       used 35003K, capacity 35826K, committed 35840K, reserved 1081344K
  class space    used 4540K, capacity 4864K, committed 4864K, reserved 1048576K
}
Event: 1.855 GC heap after
{Heap after GC invocations=5 (full 0):
 garbage-first heap   total 393216K, used 21974K [0x0000000080000000, 0x0000000100000000)
  region size 1024K, 6 young (6144K), 6 survivors (6144K)
 Metaspace       used 35003K, capacity 35826K, committed 35840K, reserved 1081344K
  class space    used 4540K, capacity 4864K, committed 4864K, reserved 1048576K
}
Event: 2.483 GC heap before
{Heap before GC invocations=6 (full 0):
 garbage-first heap   total 393216K, used 144854K [0x0000000080000000, 0x0000000100000000)
  region size 1024K, 123 young (125952K), 6 survivors (6144K)
 Metaspace       used 44518K, capacity 45575K, committed 45900K, reserved 1089536K
  class space    used 5707K, capacity 6141K, committed 6220K, reserved 1048576K
}
Event: 2.489 GC heap after
{Heap after GC invocations=7 (full 0):
 garbage-first heap   total 393216K, used 29210K [0x0000000080000000, 0x0000000100000000)
  region size 1024K, 13 young (13312K), 13 survivors (13312K)
 Metaspace       used 44518K, capacity 45575K, committed 45900K, reserved 1089536K
  class space    used 5707K, capacity 6141K, committed 6220K, reserved 1048576K
}
Event: 3.426 GC heap before
{Heap before GC invocations=7 (full 0):
 garbage-first heap   total 393216K, used 181786K [0x0000000080000000, 0x0000000100000000)
  region size 1024K, 155 young (158720K), 13 survivors (13312K)
 Metaspace       used 58585K, capacity 60084K, committed 60288K, reserved 1101824K
  class space    used 7438K, capacity 8018K, committed 8140K, reserved 1048576K
}
Event: 3.443 GC heap after
{Heap after GC invocations=8 (full 0):
 garbage-first heap   total 393216K, used 51375K [0x0000000080000000, 0x0000000100000000)
  region size 1024K, 26 young (26624K), 26 survivors (26624K)
 Metaspace       used 58585K, capacity 60084K, committed 60288K, reserved 1101824K
  class space    used 7438K, capacity 8018K, committed 8140K, reserved 1048576K
}
Event: 4.718 GC heap before
{Heap before GC invocations=9 (full 0):
 garbage-first heap   total 393216K, used 260271K [0x0000000080000000, 0x0000000100000000)
  region size 1024K, 230 young (235520K), 26 survivors (26624K)
 Metaspace       used 76724K, capacity 78553K, committed 78720K, reserved 1118208K
  class space    used 10006K, capacity 10692K, committed 10700K, reserved 1048576K
}
Event: 4.734 GC heap after
{Heap after GC invocations=10 (full 0):
 garbage-first heap   total 393216K, used 66329K [0x0000000080000000, 0x0000000100000000)
  region size 1024K, 29 young (29696K), 29 survivors (29696K)
 Metaspace       used 76724K, capacity 78553K, committed 78720K, reserved 1118208K
  class space    used 10006K, capacity 10692K, committed 10700K, reserved 1048576K
}

