# JRE version: OpenJDK Runtime Environment (11.0.10) (build 11.0.10+0-b96-7249189)
# Java VM: OpenJDK 64-Bit Server VM (11.0.10+0-b96-7249189, mixed mode, tiered, compressed oops, g1 gc, windows-amd64)
Heap:
 garbage-first heap   total 393216K, used 148646K [0x0000000080000000, 0x0000000100000000)
  region size 1024K, 84 young (86016K), 26 survivors (26624K)
 Metaspace       used 79249K, capacity 81371K, committed 81444K, reserved 1120256K
  class space    used 10295K, capacity 11003K, committed 11008K, reserved 1048576K
GC Heap History (18 events):
Event: 0.864 GC heap before
{Heap before GC invocations=0 (full 0):
 garbage-first heap   total 393216K, used 29696K [0x0000000080000000, 0x0000000100000000)
  region size 1024K, 24 young (24576K), 0 survivors (0K)
 Metaspace       used 10210K, capacity 10485K, committed 10624K, reserved 1058816K
  class space    used 1063K, capacity 1139K, committed 1152K, reserved 1048576K
}
Event: 0.886 GC heap after
{Heap after GC invocations=1 (full 0):
 garbage-first heap   total 393216K, used 9136K [0x0000000080000000, 0x0000000100000000)
  region size 1024K, 3 young (3072K), 3 survivors (3072K)
 Metaspace       used 10210K, capacity 10485K, committed 10624K, reserved 1058816K
  class space    used 1063K, capacity 1139K, committed 1152K, reserved 1048576K
}
Event: 1.318 GC heap before
{Heap before GC invocations=1 (full 0):
 garbage-first heap   total 393216K, used 31664K [0x0000000080000000, 0x0000000100000000)
  region size 1024K, 25 young (25600K), 3 survivors (3072K)
 Metaspace       used 11108K, capacity 11374K, committed 11520K, reserved 1058816K
  class space    used 1164K, capacity 1243K, committed 1280K, reserved 1048576K
}
Event: 1.319 GC heap after
{Heap after GC invocations=2 (full 0):
 garbage-first heap   total 393216K, used 9891K [0x0000000080000000, 0x0000000100000000)
  region size 1024K, 1 young (1024K), 1 survivors (1024K)
 Metaspace       used 11108K, capacity 11374K, committed 11520K, reserved 1058816K
  class space    used 1164K, capacity 1243K, committed 1280K, reserved 1048576K
}
Event: 2.031 GC heap before
{Heap before GC invocations=2 (full 0):
 garbage-first heap   total 393216K, used 67235K [0x0000000080000000, 0x0000000100000000)
  region size 1024K, 57 young (58368K), 1 survivors (1024K)
 Metaspace       used 18712K, capacity 19191K, committed 19328K, reserved 1067008K
  class space    used 2246K, capacity 2383K, committed 2432K, reserved 1048576K
}
Event: 2.034 GC heap after
{Heap after GC invocations=3 (full 0):
 garbage-first heap   total 393216K, used 16393K [0x0000000080000000, 0x0000000100000000)
  region size 1024K, 7 young (7168K), 7 survivors (7168K)
 Metaspace       used 18712K, capacity 19191K, committed 19328K, reserved 1067008K
  class space    used 2246K, capacity 2383K, committed 2432K, reserved 1048576K
}
Event: 2.126 GC heap before
{Heap before GC invocations=3 (full 0):
 garbage-first heap   total 393216K, used 31753K [0x0000000080000000, 0x0000000100000000)
  region size 1024K, 23 young (23552K), 7 survivors (7168K)
 Metaspace       used 20516K, capacity 21119K, committed 21296K, reserved 1069056K
  class space    used 2506K, capacity 2669K, committed 2688K, reserved 1048576K
}
Event: 2.131 GC heap after
{Heap after GC invocations=4 (full 0):
 garbage-first heap   total 393216K, used 16838K [0x0000000080000000, 0x0000000100000000)
  region size 1024K, 1 young (1024K), 1 survivors (1024K)
 Metaspace       used 20516K, capacity 21119K, committed 21296K, reserved 1069056K
  class space    used 2506K, capacity 2669K, committed 2688K, reserved 1048576K
}
Event: 2.576 GC heap before
{Heap before GC invocations=5 (full 0):
 garbage-first heap   total 393216K, used 99782K [0x0000000080000000, 0x0000000100000000)
  region size 1024K, 73 young (74752K), 1 survivors (1024K)
 Metaspace       used 27298K, capacity 28109K, committed 28208K, reserved 1073152K
  class space    used 3616K, capacity 3918K, committed 3968K, reserved 1048576K
}
Event: 2.579 GC heap after
{Heap after GC invocations=6 (full 0):
 garbage-first heap   total 393216K, used 32670K [0x0000000080000000, 0x0000000100000000)
  region size 1024K, 7 young (7168K), 7 survivors (7168K)
 Metaspace       used 27298K, capacity 28109K, committed 28208K, reserved 1073152K
  class space    used 3616K, capacity 3918K, committed 3968K, reserved 1048576K
}
Event: 2.955 GC heap before
{Heap before GC invocations=6 (full 0):
 garbage-first heap   total 393216K, used 78750K [0x0000000080000000, 0x0000000100000000)
  region size 1024K, 53 young (54272K), 7 survivors (7168K)
 Metaspace       used 34621K, capacity 35488K, committed 35632K, reserved 1079296K
  class space    used 4522K, capacity 4866K, committed 4992K, reserved 1048576K
}
Event: 2.962 GC heap after
{Heap after GC invocations=7 (full 0):
 garbage-first heap   total 393216K, used 35609K [0x0000000080000000, 0x0000000100000000)
  region size 1024K, 9 young (9216K), 9 survivors (9216K)
 Metaspace       used 34621K, capacity 35488K, committed 35632K, reserved 1079296K
  class space    used 4522K, capacity 4866K, committed 4992K, reserved 1048576K
}
Event: 3.982 GC heap before
{Heap before GC invocations=8 (full 0):
 garbage-first heap   total 393216K, used 221977K [0x0000000080000000, 0x0000000100000000)
  region size 1024K, 180 young (184320K), 9 survivors (9216K)
 Metaspace       used 47796K, capacity 49189K, committed 49224K, reserved 1091584K
  class space    used 6159K, capacity 6652K, committed 6656K, reserved 1048576K
}
Event: 3.990 GC heap after
{Heap after GC invocations=9 (full 0):
 garbage-first heap   total 393216K, used 56750K [0x0000000080000000, 0x0000000100000000)
  region size 1024K, 22 young (22528K), 22 survivors (22528K)
 Metaspace       used 47796K, capacity 49189K, committed 49224K, reserved 1091584K
  class space    used 6159K, capacity 6652K, committed 6656K, reserved 1048576K
}
Event: 4.767 GC heap before
{Heap before GC invocations=9 (full 0):
 garbage-first heap   total 393216K, used 183726K [0x0000000080000000, 0x0000000100000000)
  region size 1024K, 140 young (143360K), 22 survivors (22528K)
 Metaspace       used 58183K, capacity 59945K, committed 60068K, reserved 1101824K
  class space    used 7426K, capacity 8026K, committed 8064K, reserved 1048576K
}
Event: 4.784 GC heap after
{Heap after GC invocations=10 (full 0):
 garbage-first heap   total 393216K, used 76733K [0x0000000080000000, 0x0000000100000000)
  region size 1024K, 25 young (25600K), 25 survivors (25600K)
 Metaspace       used 58183K, capacity 59945K, committed 60068K, reserved 1101824K
  class space    used 7426K, capacity 8026K, committed 8064K, reserved 1048576K
}
Event: 5.952 GC heap before
{Heap before GC invocations=11 (full 0):
 garbage-first heap   total 393216K, used 265149K [0x0000000080000000, 0x0000000100000000)
  region size 1024K, 209 young (214016K), 25 survivors (25600K)
 Metaspace       used 73838K, capacity 75777K, committed 75812K, reserved 1116160K
  class space    used 9578K, capacity 10234K, committed 10240K, reserved 1048576K
}
Event: 5.972 GC heap after
{Heap after GC invocations=12 (full 0):
 garbage-first heap   total 393216K, used 90278K [0x0000000080000000, 0x0000000100000000)
  region size 1024K, 26 young (26624K), 26 survivors (26624K)
 Metaspace       used 73838K, capacity 75777K, committed 75812K, reserved 1116160K
  class space    used 9578K, capacity 10234K, committed 10240K, reserved 1048576K
}

